<?xml version="1.0" encoding="UTF-8"?>
<testsuite xmlns:xsi="http://www.w3.org/2001/XMLSchema-instance" xsi:noNamespaceSchemaLocation="https://maven.apache.org/surefire/maven-surefire-plugin/xsd/surefire-test-report.xsd" version="3.0.2" name="service.AuthenticationServiceTest" time="0.014" tests="2" errors="0" skipped="0" failures="0">
  <properties>
[...]
</properties>
  <testcase name="shouldLoginSuccessfully" classname="service.AuthenticationServiceTest" time="0.009"/>
  <testcase name="shouldRejectInvalidPassword" classname="service.AuthenticationServiceTest" time="0.004"/>
</testsuite>